2025-03-27 14:46:43,490 - \u26a0\ufe0f WARNING: C:\Users\rpmit\Desktop\ransomware_defense\testfile.txt renamed to C:\Users\rpmit\Desktop\ransomware_defense\testfile.cry
2025-03-27 14:46:43,872 - \u26a0\ufe0f No backup found for C:\Users\rpmit\Desktop\ransomware_defense\testfile.txt.
2025-03-27 14:48:03,949 - \u26a0\ufe0f WARNING: C:\Users\rpmit\Desktop\ransomware_defense\testfile.txt renamed to C:\Users\rpmit\Desktop\ransomware_defense\testfile.locky
2025-03-27 14:48:04,576 - \u26a0\ufe0f No backup found for C:\Users\rpmit\Desktop\ransomware_defense\testfile.txt.
2025-03-27 14:50:31,589 - \U0001f6a8 Ransomware process detected: powershell.exe (PID: 19000)
2025-03-27 14:50:31,701 - \u2705 Terminated: powershell.exe (PID: 19000)
2025-03-27 14:50:31,715 - \U0001f6a8 Ransomware process detected: powershell.exe (PID: 21748)
2025-03-27 14:50:31,807 - \u2705 Terminated: powershell.exe (PID: 21748)
2025-03-27 14:50:50,542 - \U0001f6a8 Ransomware process detected: powershell.exe (PID: 10560)
2025-03-27 14:50:50,632 - \u2705 Terminated: powershell.exe (PID: 10560)
2025-03-27 14:52:30,871 - \U0001f6a8 Ransomware process detected: powershell.exe (PID: 19348)
2025-03-27 14:52:30,986 - \u2705 Terminated: powershell.exe (PID: 19348)
2025-03-27 14:52:32,047 - \U0001f6a8 Ransomware process detected: powershell.exe (PID: 19348)
2025-03-27 14:52:32,143 - \u2705 Terminated: powershell.exe (PID: 19348)
2025-03-27 14:52:36,012 - \U0001f6a8 Ransomware process detected: powershell.exe (PID: 19348)
2025-03-27 14:52:36,114 - \u2705 Terminated: powershell.exe (PID: 19348)
2025-03-27 14:52:37,157 - \U0001f6a8 Ransomware process detected: powershell.exe (PID: 19348)
2025-03-27 14:52:37,250 - \u2705 Terminated: powershell.exe (PID: 19348)
2025-03-27 14:52:41,124 - \U0001f6a8 Ransomware process detected: powershell.exe (PID: 19348)
2025-03-27 14:52:41,219 - \u2705 Terminated: powershell.exe (PID: 19348)
2025-03-27 14:52:42,259 - \U0001f6a8 Ransomware process detected: powershell.exe (PID: 19348)
2025-03-27 14:52:42,352 - \u2705 Terminated: powershell.exe (PID: 19348)
2025-03-27 14:52:46,229 - \U0001f6a8 Ransomware process detected: powershell.exe (PID: 19348)
2025-03-27 14:52:46,323 - \u2705 Terminated: powershell.exe (PID: 19348)
2025-03-27 14:52:47,364 - \U0001f6a8 Ransomware process detected: powershell.exe (PID: 19348)
2025-03-27 14:52:47,508 - \u2705 Terminated: powershell.exe (PID: 19348)
2025-03-27 14:52:51,334 - \U0001f6a8 Ransomware process detected: powershell.exe (PID: 19348)
2025-03-27 14:52:51,427 - \u2705 Terminated: powershell.exe (PID: 19348)
2025-03-27 14:52:52,520 - \U0001f6a8 Ransomware process detected: powershell.exe (PID: 19348)
2025-03-27 14:52:52,611 - \u2705 Terminated: powershell.exe (PID: 19348)
2025-03-27 14:52:56,436 - \U0001f6a8 Ransomware process detected: powershell.exe (PID: 19348)
2025-03-27 14:52:56,523 - \u2705 Terminated: powershell.exe (PID: 19348)
2025-03-27 14:52:57,621 - \U0001f6a8 Ransomware process detected: powershell.exe (PID: 19348)
2025-03-27 14:52:57,716 - \u2705 Terminated: powershell.exe (PID: 19348)
2025-03-27 14:53:01,531 - \U0001f6a8 Ransomware process detected: powershell.exe (PID: 19348)
2025-03-27 14:53:01,633 - \u2705 Terminated: powershell.exe (PID: 19348)
2025-03-27 14:53:02,725 - \U0001f6a8 Ransomware process detected: powershell.exe (PID: 19348)
2025-03-27 14:53:02,820 - \u2705 Terminated: powershell.exe (PID: 19348)
2025-03-27 14:53:06,649 - \U0001f6a8 Ransomware process detected: powershell.exe (PID: 19348)
2025-03-27 14:53:06,735 - \u2705 Terminated: powershell.exe (PID: 19348)
2025-03-27 14:53:07,828 - \U0001f6a8 Ransomware process detected: powershell.exe (PID: 19348)
2025-03-27 14:53:07,921 - \u2705 Terminated: powershell.exe (PID: 19348)
2025-03-27 14:53:11,744 - \U0001f6a8 Ransomware process detected: powershell.exe (PID: 19348)
2025-03-27 14:53:11,828 - \u2705 Terminated: powershell.exe (PID: 19348)
2025-03-27 14:53:12,922 - \U0001f6a8 Ransomware process detected: powershell.exe (PID: 19348)
2025-03-27 14:53:13,016 - \u2705 Terminated: powershell.exe (PID: 19348)
2025-03-27 14:53:16,841 - \U0001f6a8 Ransomware process detected: powershell.exe (PID: 19348)
2025-03-27 14:53:16,928 - \u2705 Terminated: powershell.exe (PID: 19348)
2025-03-27 14:53:18,021 - \U0001f6a8 Ransomware process detected: powershell.exe (PID: 19348)
2025-03-27 14:53:18,118 - \u2705 Terminated: powershell.exe (PID: 19348)
2025-03-27 14:53:21,929 - \U0001f6a8 Ransomware process detected: powershell.exe (PID: 19348)
2025-03-27 14:53:22,028 - \u2705 Terminated: powershell.exe (PID: 19348)
2025-03-27 14:53:23,128 - \U0001f6a8 Ransomware process detected: powershell.exe (PID: 19348)
2025-03-27 14:53:23,221 - \u2705 Terminated: powershell.exe (PID: 19348)
2025-03-27 14:53:27,035 - \U0001f6a8 Ransomware process detected: powershell.exe (PID: 19348)
2025-03-27 14:53:27,129 - \u2705 Terminated: powershell.exe (PID: 19348)
2025-03-27 14:53:28,229 - \U0001f6a8 Ransomware process detected: powershell.exe (PID: 19348)
2025-03-27 14:53:28,317 - \u2705 Terminated: powershell.exe (PID: 19348)
2025-03-27 14:53:32,137 - \U0001f6a8 Ransomware process detected: powershell.exe (PID: 19348)
2025-03-27 14:53:32,230 - \u2705 Terminated: powershell.exe (PID: 19348)
2025-03-27 14:53:33,325 - \U0001f6a8 Ransomware process detected: powershell.exe (PID: 19348)
2025-03-27 14:53:33,411 - \u2705 Terminated: powershell.exe (PID: 19348)
2025-03-27 14:53:37,240 - \U0001f6a8 Ransomware process detected: powershell.exe (PID: 19348)
2025-03-27 14:53:37,334 - \u2705 Terminated: powershell.exe (PID: 19348)
2025-03-27 14:53:38,420 - \U0001f6a8 Ransomware process detected: powershell.exe (PID: 19348)
2025-03-27 14:53:38,510 - \u2705 Terminated: powershell.exe (PID: 19348)
2025-03-27 14:53:42,344 - \U0001f6a8 Ransomware process detected: powershell.exe (PID: 19348)
2025-03-27 14:53:42,437 - \u2705 Terminated: powershell.exe (PID: 19348)
2025-03-27 14:53:43,519 - \U0001f6a8 Ransomware process detected: powershell.exe (PID: 19348)
2025-03-27 14:53:43,617 - \u2705 Terminated: powershell.exe (PID: 19348)
2025-03-27 14:53:47,445 - \U0001f6a8 Ransomware process detected: powershell.exe (PID: 19348)
2025-03-27 14:53:47,545 - \u2705 Terminated: powershell.exe (PID: 19348)
2025-03-27 14:53:48,625 - \U0001f6a8 Ransomware process detected: powershell.exe (PID: 19348)
2025-03-27 14:53:48,719 - \u2705 Terminated: powershell.exe (PID: 19348)
2025-03-27 14:53:52,555 - \U0001f6a8 Ransomware process detected: powershell.exe (PID: 19348)
2025-03-27 14:53:52,641 - \u2705 Terminated: powershell.exe (PID: 19348)
2025-03-27 14:53:53,727 - \U0001f6a8 Ransomware process detected: powershell.exe (PID: 19348)
2025-03-27 14:53:53,815 - \u2705 Terminated: powershell.exe (PID: 19348)
2025-03-27 14:53:57,651 - \U0001f6a8 Ransomware process detected: powershell.exe (PID: 19348)
2025-03-27 14:53:57,739 - \u2705 Terminated: powershell.exe (PID: 19348)
2025-03-27 14:53:58,821 - \U0001f6a8 Ransomware process detected: powershell.exe (PID: 19348)
2025-03-27 14:53:58,912 - \u2705 Terminated: powershell.exe (PID: 19348)
2025-03-27 14:54:02,740 - \U0001f6a8 Ransomware process detected: powershell.exe (PID: 19348)
2025-03-27 14:54:02,833 - \u2705 Terminated: powershell.exe (PID: 19348)
2025-03-27 14:54:03,921 - \U0001f6a8 Ransomware process detected: powershell.exe (PID: 19348)
2025-03-27 14:54:04,005 - \u2705 Terminated: powershell.exe (PID: 19348)
2025-03-27 14:54:04,018 - \U0001f6a8 Ransomware process detected: powershell.exe (PID: 19348)
2025-03-27 14:54:04,101 - \u2705 Terminated: powershell.exe (PID: 19348)
2025-03-27 14:55:12,951 - \U0001f6a8 Ransomware process detected: cipher.exe (PID: 15440)
2025-03-27 14:55:13,025 - \u2705 Terminated: cipher.exe (PID: 15440)
2025-03-27 14:55:38,073 - \U0001f6a8 Ransomware process detected: cipher.exe (PID: 21604)
2025-03-27 14:55:38,159 - \u2705 Terminated: cipher.exe (PID: 21604)
2025-03-27 14:55:48,179 - \U0001f6a8 Ransomware process detected: powershell.exe (PID: 21656)
2025-03-27 14:55:48,254 - \u2705 Terminated: powershell.exe (PID: 21656)
2025-03-27 14:55:49,196 - \U0001f6a8 Ransomware process detected: powershell.exe (PID: 21656)
2025-03-27 14:55:49,286 - \u2705 Terminated: powershell.exe (PID: 21656)
2025-03-27 14:55:53,269 - \U0001f6a8 Ransomware process detected: powershell.exe (PID: 21656)
2025-03-27 14:55:53,354 - \u2705 Terminated: powershell.exe (PID: 21656)
2025-03-27 14:55:54,292 - \U0001f6a8 Ransomware process detected: powershell.exe (PID: 21656)
2025-03-27 14:55:54,386 - \u2705 Terminated: powershell.exe (PID: 21656)
2025-03-27 14:55:57,086 - \U0001f6a8 Ransomware process detected: powershell.exe (PID: 21656)
2025-03-27 14:55:57,181 - \u2705 Terminated: powershell.exe (PID: 21656)
